<?xml version="1.0" encoding="UTF-8"?>
<!-- Generated by org.testng.reporters.JUnitReportReporter -->
<testsuite hostname="PS-SIBISI" failures="0" tests="1" name="testcases.FirstTestcase" time="11.422" errors="0" timestamp="2024-01-10T08:59:39 SAST" skipped="0">
  <testcase classname="testcases.FirstTestcase" name="ReadMeTest" time="11.422"/>
</testsuite> <!-- testcases.FirstTestcase -->
