<?xml version="1.0" encoding="UTF-8"?>
<!-- Generated by org.testng.reporters.JUnitReportReporter -->
<testsuite hostname="PS-SIBISI" failures="0" tests="1" name="testcases.FirstTestcase" time="0.031" errors="0" timestamp="2024-01-29T21:38:46 SAST" skipped="0">
  <testcase classname="testcases.FirstTestcase" name="TestExecution" time="0.031"/>
</testsuite> <!-- testcases.FirstTestcase -->
